This file contains any messages produced by compilers while
running configure, to aid debugging if configure makes a mistake.

It was created by sgte configure 0.7, which was
generated by GNU Autoconf 2.61.  Invocation command line was

  $ ./configure 

## --------- ##
## Platform. ##
## --------- ##

hostname = chrisduesing.local
uname -m = i386
uname -r = 10.7.0
uname -s = Darwin
uname -v = Darwin Kernel Version 10.7.0: Sat Jan 29 15:17:16 PST 2011; root:xnu-1504.9.37~1/RELEASE_I386

/usr/bin/uname -p = i386
/bin/uname -X     = unknown

/bin/arch              = unknown
/usr/bin/arch -k       = unknown
/usr/convex/getsysinfo = unknown
/usr/bin/hostinfo      = Mach kernel version:
	 Darwin Kernel Version 10.7.0: Sat Jan 29 15:17:16 PST 2011; root:xnu-1504.9.37~1/RELEASE_I386
Kernel configured for up to 2 processors.
2 processors are physically available.
2 processors are logically available.
Processor type: i486 (Intel 80486)
Processors active: 0 1
Primary memory available: 4.00 gigabytes
Default processor set: 103 tasks, 475 threads, 2 processors
Load average: 1.06, Mach factor: 1.02
/bin/machine           = unknown
/usr/bin/oslevel       = unknown
/bin/universe          = unknown

PATH: /usr/local/mysql/bin
PATH: /Users/chrisduesing/.rvm/gems/ruby-1.9.2-rc2@rails3/bin
PATH: /Users/chrisduesing/.rvm/gems/ruby-1.9.2-rc2@global/bin
PATH: /Users/chrisduesing/.rvm/rubies/ruby-1.9.2-rc2/bin
PATH: /Users/chrisduesing/.rvm/bin
PATH: /usr/bin
PATH: /bin
PATH: /usr/sbin
PATH: /sbin
PATH: /usr/local/bin
PATH: /usr/X11/bin
PATH: /usr/local/lib/erlang/bin
PATH: /usr/local


## ----------- ##
## Core tests. ##
## ----------- ##

configure:1717: checking for erl
configure:1735: found /usr/local/bin/erl
configure:1747: result: /usr/local/bin/erl
configure:1832: checking for erlc
configure:1850: found /usr/local/bin/erlc
configure:1862: result: /usr/local/bin/erlc
configure:1898: checking for Erlang/OTP root directory
configure:1931: $ERLC $ERLCFLAGS -b beam conftest.$ac_ext >&5 ; echo "#!/bin/sh" > conftest$ac_exeext ; echo "\"$ERL\" -run conftest start -run init stop -noshell" >> conftest$ac_exeext ; chmod +x conftest$ac_exeext
configure:1934: $? = 0
configure:1940: ./conftest
configure:1943: $? = 0
configure:1969: result: /usr/local/Cellar/erlang/R14B03/lib/erlang
configure:2024: checking for gcc
configure:2040: found /usr/bin/gcc
configure:2051: result: gcc
configure:2289: checking for C compiler version
configure:2296: gcc --version >&5
i686-apple-darwin10-gcc-4.2.1 (GCC) 4.2.1 (Apple Inc. build 5666) (dot 3)
Copyright (C) 2007 Free Software Foundation, Inc.
This is free software; see the source for copying conditions.  There is NO
warranty; not even for MERCHANTABILITY or FITNESS FOR A PARTICULAR PURPOSE.

configure:2299: $? = 0
configure:2306: gcc -v >&5
Using built-in specs.
Target: i686-apple-darwin10
Configured with: /var/tmp/gcc/gcc-5666.3~6/src/configure --disable-checking --enable-werror --prefix=/usr --mandir=/share/man --enable-languages=c,objc,c++,obj-c++ --program-transform-name=/^[cg][^.-]*$/s/$/-4.2/ --with-slibdir=/usr/lib --build=i686-apple-darwin10 --program-prefix=i686-apple-darwin10- --host=x86_64-apple-darwin10 --target=i686-apple-darwin10 --with-gxx-include-dir=/include/c++/4.2.1
Thread model: posix
gcc version 4.2.1 (Apple Inc. build 5666) (dot 3)
configure:2309: $? = 0
configure:2316: gcc -V >&5
gcc-4.2: argument to `-V' is missing
configure:2319: $? = 1
configure:2342: checking for C compiler default output file name
configure:2369: gcc    conftest.c  >&5
configure:2372: $? = 0
configure:2410: result: a.out
configure:2427: checking whether the C compiler works
configure:2437: ./a.out
configure:2440: $? = 0
configure:2457: result: yes
configure:2464: checking whether we are cross compiling
configure:2466: result: no
configure:2469: checking for suffix of executables
configure:2476: gcc -o conftest    conftest.c  >&5
configure:2479: $? = 0
configure:2503: result: 
configure:2509: checking for suffix of object files
configure:2535: gcc -c   conftest.c >&5
configure:2538: $? = 0
configure:2561: result: o
configure:2565: checking whether we are using the GNU C compiler
configure:2594: gcc -c   conftest.c >&5
configure:2600: $? = 0
configure:2617: result: yes
configure:2622: checking whether gcc accepts -g
configure:2652: gcc -c -g  conftest.c >&5
configure:2658: $? = 0
configure:2757: result: yes
configure:2774: checking for gcc option to accept ISO C89
configure:2848: gcc  -c -g -O2  conftest.c >&5
configure:2854: $? = 0
configure:2877: result: none needed
configure:3076: creating ./config.status

## ---------------------- ##
## Running config.status. ##
## ---------------------- ##

This file was extended by sgte config.status 0.7, which was
generated by GNU Autoconf 2.61.  Invocation command line was

  CONFIG_FILES    = 
  CONFIG_HEADERS  = 
  CONFIG_LINKS    = 
  CONFIG_COMMANDS = 
  $ ./config.status 

on chrisduesing.local

config.status:583: creating include.mk
config.status:763: executing default commands

## ---------------- ##
## Cache variables. ##
## ---------------- ##

ac_cv_c_compiler_gnu=yes
ac_cv_env_CC_set=
ac_cv_env_CC_value=
ac_cv_env_CFLAGS_set=
ac_cv_env_CFLAGS_value=
ac_cv_env_CPPFLAGS_set=
ac_cv_env_CPPFLAGS_value=
ac_cv_env_ERLCFLAGS_set=
ac_cv_env_ERLCFLAGS_value=
ac_cv_env_ERLC_set=
ac_cv_env_ERLC_value=
ac_cv_env_ERL_set=
ac_cv_env_ERL_value=
ac_cv_env_LDFLAGS_set=
ac_cv_env_LDFLAGS_value=
ac_cv_env_LIBS_set=
ac_cv_env_LIBS_value=
ac_cv_env_build_alias_set=
ac_cv_env_build_alias_value=
ac_cv_env_host_alias_set=
ac_cv_env_host_alias_value=
ac_cv_env_target_alias_set=
ac_cv_env_target_alias_value=
ac_cv_objext=o
ac_cv_path_ac_pt_ERL=/usr/local/bin/erl
ac_cv_path_ac_pt_ERLC=/usr/local/bin/erlc
ac_cv_prog_ac_ct_CC=gcc
ac_cv_prog_cc_c89=
ac_cv_prog_cc_g=yes
erlang_cv_root_dir=/usr/local/Cellar/erlang/R14B03/lib/erlang

## ----------------- ##
## Output variables. ##
## ----------------- ##

CC='gcc'
CFLAGS='-g -O2'
CPPFLAGS=''
DEFS='-DPACKAGE_NAME=\"sgte\" -DPACKAGE_TARNAME=\"sgte\" -DPACKAGE_VERSION=\"0.7\" -DPACKAGE_STRING=\"sgte\ 0.7\" -DPACKAGE_BUGREPORT=\"pacini@sgconsulting.it\"'
EBLOG_DIR='/Users/chrisduesing/projects/erlang_libs/sgte'
ECHO_C='ECHO_N=''
ECHO_T=''
ERL='/usr/local/bin/erl'
ERLANG_ROOT_DIR='/usr/local/Cellar/erlang/R14B03/lib/erlang'
ERLC='/usr/local/bin/erlc'
ERLCFLAGS=''
EXEEXT=''
LDFLAGS=''
LD_SHARED='ld -shared'
LIBOBJS=''
LIBS=''
LTLIBOBJS=''
OBJEXT='o'
PACKAGE_BUGREPORT='pacini@sgconsulting.it'
PACKAGE_NAME='sgte'
PACKAGE_STRING='sgte 0.7'
PACKAGE_TARNAME='sgte'
PACKAGE_VERSION='0.7'
PATH_SEPARATOR=':'
SHELL='/bin/sh'
ac_ct_CC='gcc'
bindir='${exec_prefix}/bin'
build_alias=''
datadir='${datarootdir}'
datarootdir='${prefix}/share'
docdir='${datarootdir}/doc/${PACKAGE_TARNAME}'
dvidir='${docdir}'
exec_prefix='${prefix}'
host_alias=''
htmldir='${docdir}'
includedir='${prefix}/include'
infodir='${datarootdir}/info'
libdir='${exec_prefix}/lib'
libexecdir='${exec_prefix}/libexec'
localedir='${datarootdir}/locale'
localstatedir='${prefix}/var'
mandir='${datarootdir}/man'
oldincludedir='/usr/include'
pdfdir='${docdir}'
prefix='/usr/local'
program_transform_name='s,x,x,'
psdir='${docdir}'
sbindir='${exec_prefix}/sbin'
sharedstatedir='${prefix}/com'
sysconfdir='${prefix}/etc'
target_alias=''

## ----------- ##
## confdefs.h. ##
## ----------- ##

#define PACKAGE_NAME "sgte"
#define PACKAGE_TARNAME "sgte"
#define PACKAGE_VERSION "0.7"
#define PACKAGE_STRING "sgte 0.7"
#define PACKAGE_BUGREPORT "pacini@sgconsulting.it"

configure: exit 0
